<?xml version="1.0" encoding="UTF-8"?>
<testsuite xmlns:xsi="http://www.w3.org/2001/XMLSchema-instance" xsi:noNamespaceSchemaLocation="https://maven.apache.org/surefire/maven-surefire-plugin/xsd/surefire-test-report-3.0.xsd" version="3.0" name="com.stad.pricing.PriceControllerTest" time="4.045" tests="5" errors="0" skipped="0" failures="0">
  <properties>
[...]
</properties>
  <testcase name="test1_requestAt10AMOn14th" classname="com.stad.pricing.PriceControllerTest" time="1.168">
    <system-out><![CDATA[10:12:48.293 [main] INFO org.springframework.test.context.support.AnnotationConfigContextLoaderUtils -- Could not detect default configuration classes for test class [com.stad.pricing.PriceControllerTest]: PriceControllerTest does not declare any static, non-private, non-final, nested classes annotated with @Configuration.
10:12:48.430 [main] INFO org.springframework.boot.test.context.SpringBootTestContextBootstrapper -- Found @SpringBootConfiguration com.stad.pricing.PricingApplication for test class com.stad.pricing.PriceControllerTest

  .   ____          _            __ _ _
 /\\ / ___'_ __ _ _(_)_ __  __ _ \ \ \ \
( ( )\___ | '_ | '_| | '_ \/ _` | \ \ \ \
 \\/  ___)| |_)| | | | | || (_| |  ) ) ) )
  '  |____| .__|_| |_|_| |_\__, | / / / /
 =========|_|==============|___/=/_/_/_/
 :: Spring Boot ::                (v3.2.5)

2025-05-28T10:12:48.890+02:00  INFO 16756 --- [           main] com.stad.pricing.PriceControllerTest     : Starting PriceControllerTest using Java 17.0.12 with PID 16756 (started by adragos in C:\Users\adragos\Documents\test\price-service-final-all-correct\price-service-local-full)
2025-05-28T10:12:48.891+02:00  INFO 16756 --- [           main] com.stad.pricing.PriceControllerTest     : No active profile set, falling back to 1 default profile: "default"
2025-05-28T10:12:49.911+02:00  INFO 16756 --- [           main] com.zaxxer.hikari.HikariDataSource       : HikariPool-1 - Starting...
2025-05-28T10:12:50.169+02:00  INFO 16756 --- [           main] com.zaxxer.hikari.pool.HikariPool        : HikariPool-1 - Added connection conn0: url=jdbc:h2:mem:prices user=SA
2025-05-28T10:12:50.171+02:00  INFO 16756 --- [           main] com.zaxxer.hikari.HikariDataSource       : HikariPool-1 - Start completed.
2025-05-28T10:12:50.453+02:00  INFO 16756 --- [           main] o.s.b.a.w.s.WelcomePageHandlerMapping    : Adding welcome page: class path resource [static/index.html]
2025-05-28T10:12:50.833+02:00  INFO 16756 --- [           main] o.s.b.a.h2.H2ConsoleAutoConfiguration    : H2 console available at '/h2-console'. Database available at 'jdbc:h2:mem:prices'
2025-05-28T10:12:50.899+02:00  INFO 16756 --- [           main] o.s.b.t.m.w.SpringBootMockServletContext : Initializing Spring TestDispatcherServlet ''
2025-05-28T10:12:50.900+02:00  INFO 16756 --- [           main] o.s.t.web.servlet.TestDispatcherServlet  : Initializing Servlet ''
2025-05-28T10:12:50.902+02:00  INFO 16756 --- [           main] o.s.t.web.servlet.TestDispatcherServlet  : Completed initialization in 0 ms
2025-05-28T10:12:50.933+02:00  INFO 16756 --- [           main] com.stad.pricing.PriceControllerTest     : Started PriceControllerTest in 2.306 seconds (process running for 3.299)
]]></system-out>
  </testcase>
  <testcase name="test4_requestAt10AMOn15th" classname="com.stad.pricing.PriceControllerTest" time="0.006"/>
  <testcase name="test2_requestAt16PMOn14th" classname="com.stad.pricing.PriceControllerTest" time="0.005"/>
  <testcase name="test3_requestAt21PMOn14th" classname="com.stad.pricing.PriceControllerTest" time="0.007"/>
  <testcase name="test5_requestAt21PMOn16th" classname="com.stad.pricing.PriceControllerTest" time="0.005"/>
</testsuite>